[    1408ms] [ERROR] Error: Route "/players/[playerId]": Runtime data such as `cookies()`, `headers()`, `params`, or `searchParams` was accessed outside of `<Suspense>`. This delays the entire page from rendering, resulting in a slow user experience. Learn more: https://nextjs.org/docs/messages/blocking-route
    at PlayerProfilePage (about://React/Server/file:///Users/jefflee/workspace/pitch-ac/.next/dev/server/chunks/ssr/%5Broot-of-the-server%5D__0lipn.k._.js?0:72:26)
    at resolveErrorDev (http://localhost:3000/_next/static/chunks/05-0_next_dist_compiled_react-server-dom-turbopack_0~wq_m4._.js:1919:105)
    at getOutlinedModel (http://localhost:3000/_next/static/chunks/05-0_next_dist_compiled_react-server-dom-turbopack_0~wq_m4._.js:1469:28)
    at parseModelString (http://localhost:3000/_next/static/chunks/05-0_next_dist_compiled_react-server-dom-turbopack_0~wq_m4._.js:1584:50)
    at reviveModel (http://localhost:3000/_next/static/chunks/05-0_next_dist_compiled_react-server-dom-turbopack_0~wq_m4._.js:2522:66)
    at reviveModel (http://localhost:3000/_next/static/chunks/05-0_next_dist_compiled_react-server-dom-turbopack_0~wq_m4._.js:2525:61)
    at reviveModel (http://localhost:3000/_next/static/chunks/05-0_next_dist_compiled_react-server-dom-turbopack_0~wq_m4._.js:2604:78)
    at parseModel (http://localhost:3000/_next/static/chunks/05-0_next_dist_compiled_react-server-dom-turbopack_0~wq_m4._.js:2517:16)
    at initializeModelChunk (http://localhost:3000/_next/static/chunks/05-0_next_dist_compiled_react-server-dom-turbopack_0~wq_m4._.js:1084:25)
    at resolveModelChunk (http://localhost:3000/_next/static/chunks/05-0_next_dist_compiled_react-server-dom-turbopack_0~wq_m4._.js:986:43)
    at processFullStringRow (http://localhost:3000/_next/static/chunks/05-0_next_dist_compiled_react-server-dom-turbopack_0~wq_m4._.js:2473:126)
    at processFullBinaryRow (http://localhost:3000/_next/static/chunks/05-0_next_dist_compiled_react-server-dom-turbopack_0~wq_m4._.js:2393:9)
    at processBinaryChunk (http://localhost:3000/_next/static/chunks/05-0_next_dist_compiled_react-server-dom-turbopack_0~wq_m4._.js:2502:221)
    at progress (http://localhost:3000/_next/static/chunks/05-0_next_dist_compiled_react-server-dom-turbopack_0~wq_m4._.js:2689:13) @ http://localhost:3000/_next/static/chunks/05-0_next_dist_0qqs5.d._.js:3766
[   36951ms] [ERROR] Error: Route "/players/[playerId]": Runtime data such as `cookies()`, `headers()`, `params`, or `searchParams` was accessed outside of `<Suspense>`. This delays the entire page from rendering, resulting in a slow user experience. Learn more: https://nextjs.org/docs/messages/blocking-route
    at PlayerProfilePage (about://React/Server/file:///Users/jefflee/workspace/pitch-ac/.next/dev/server/chunks/ssr/%5Broot-of-the-server%5D__0lipn.k._.js?0:72:26)
    at resolveErrorDev (http://localhost:3000/_next/static/chunks/05-0_next_dist_compiled_react-server-dom-turbopack_0~wq_m4._.js:1919:105)
    at getOutlinedModel (http://localhost:3000/_next/static/chunks/05-0_next_dist_compiled_react-server-dom-turbopack_0~wq_m4._.js:1469:28)
    at parseModelString (http://localhost:3000/_next/static/chunks/05-0_next_dist_compiled_react-server-dom-turbopack_0~wq_m4._.js:1584:50)
    at reviveModel (http://localhost:3000/_next/static/chunks/05-0_next_dist_compiled_react-server-dom-turbopack_0~wq_m4._.js:2522:66)
    at reviveModel (http://localhost:3000/_next/static/chunks/05-0_next_dist_compiled_react-server-dom-turbopack_0~wq_m4._.js:2525:61)
    at reviveModel (http://localhost:3000/_next/static/chunks/05-0_next_dist_compiled_react-server-dom-turbopack_0~wq_m4._.js:2604:78)
    at parseModel (http://localhost:3000/_next/static/chunks/05-0_next_dist_compiled_react-server-dom-turbopack_0~wq_m4._.js:2517:16)
    at initializeModelChunk (http://localhost:3000/_next/static/chunks/05-0_next_dist_compiled_react-server-dom-turbopack_0~wq_m4._.js:1084:25)
    at resolveModelChunk (http://localhost:3000/_next/static/chunks/05-0_next_dist_compiled_react-server-dom-turbopack_0~wq_m4._.js:986:43)
    at processFullStringRow (http://localhost:3000/_next/static/chunks/05-0_next_dist_compiled_react-server-dom-turbopack_0~wq_m4._.js:2473:126)
    at processFullBinaryRow (http://localhost:3000/_next/static/chunks/05-0_next_dist_compiled_react-server-dom-turbopack_0~wq_m4._.js:2393:9)
    at processBinaryChunk (http://localhost:3000/_next/static/chunks/05-0_next_dist_compiled_react-server-dom-turbopack_0~wq_m4._.js:2502:221)
    at progress (http://localhost:3000/_next/static/chunks/05-0_next_dist_compiled_react-server-dom-turbopack_0~wq_m4._.js:2689:13) @ http://localhost:3000/_next/static/chunks/05-0_next_dist_0qqs5.d._.js:3766
